<?xml version="1.0" encoding="UTF-8"?>
<!-- Generated by org.testng.reporters.JUnitReportReporter -->
<testsuite hostname="Babu" failures="0" tests="50" name="com.obs.tests.TestLeafTest" time="14.683" errors="0" timestamp="2022-06-22T17:59:59 IST" skipped="44">
  <testcase classname="com.obs.tests.TestLeafTest" name="verifyDragToXandY" time="6.411"/>
  <system-out/>
  <testcase classname="com.obs.tests.TestLeafTest" name="verifyDragToXandY" time="5.603"/>
  <system-out/>
  <testcase classname="com.obs.tests.TestLeafTest" name="verifyRightClickOperation" time="0.966"/>
  <system-out/>
  <testcase classname="com.obs.tests.TestLeafTest" name="verifyRightClickOperation" time="1.347"/>
  <system-out/>
  <testcase classname="com.obs.tests.TestLeafTest" name="verifyDoubleClickOperation" time="0.172"/>
  <system-out/>
  <testcase classname="com.obs.tests.TestLeafTest" name="verifyDoubleClickOperation" time="0.184"/>
  <system-out/>
  <testcase classname="com.obs.tests.TestLeafTest" name="verifySelectByIndex">
    <skipped/>
  </testcase> <!-- verifySelectByIndex -->
  <system-out/>
  <testcase classname="com.obs.tests.TestLeafTest" name="verifyNavigateToURL">
    <skipped/>
  </testcase> <!-- verifyNavigateToURL -->
  <system-out/>
  <testcase classname="com.obs.tests.TestLeafTest" name="verifySelectByIndex">
    <skipped/>
  </testcase> <!-- verifySelectByIndex -->
  <system-out/>
  <testcase classname="com.obs.tests.TestLeafTest" name="verifyNavigateToURL">
    <skipped/>
  </testcase> <!-- verifyNavigateToURL -->
  <system-out/>
  <testcase classname="com.obs.tests.TestLeafTest" name="printColumnCount">
    <skipped/>
  </testcase> <!-- printColumnCount -->
  <system-out/>
  <testcase classname="com.obs.tests.TestLeafTest" name="printColumnCount">
    <skipped/>
  </testcase> <!-- printColumnCount -->
  <system-out/>
  <testcase classname="com.obs.tests.TestLeafTest" name="verifySwitchToFrame">
    <skipped/>
  </testcase> <!-- verifySwitchToFrame -->
  <system-out/>
  <testcase classname="com.obs.tests.TestLeafTest" name="verifySwitchToFrame">
    <skipped/>
  </testcase> <!-- verifySwitchToFrame -->
  <system-out/>
  <testcase classname="com.obs.tests.TestLeafTest" name="verifySwitchToParentFrame">
    <skipped/>
  </testcase> <!-- verifySwitchToParentFrame -->
  <system-out/>
  <testcase classname="com.obs.tests.TestLeafTest" name="verifySwitchToParentFrame">
    <skipped/>
  </testcase> <!-- verifySwitchToParentFrame -->
  <system-out/>
  <testcase classname="com.obs.tests.TestLeafTest" name="takeScreenshot">
    <skipped/>
  </testcase> <!-- takeScreenshot -->
  <system-out/>
  <testcase classname="com.obs.tests.TestLeafTest" name="printSitePageSource">
    <skipped/>
  </testcase> <!-- printSitePageSource -->
  <system-out/>
  <testcase classname="com.obs.tests.TestLeafTest" name="takeScreenshot">
    <skipped/>
  </testcase> <!-- takeScreenshot -->
  <system-out/>
  <testcase classname="com.obs.tests.TestLeafTest" name="printSitePageSource">
    <skipped/>
  </testcase> <!-- printSitePageSource -->
  <system-out/>
  <testcase classname="com.obs.tests.TestLeafTest" name="verifySelectByValue">
    <skipped/>
  </testcase> <!-- verifySelectByValue -->
  <system-out/>
  <testcase classname="com.obs.tests.TestLeafTest" name="verifySelectByValue">
    <skipped/>
  </testcase> <!-- verifySelectByValue -->
  <system-out/>
  <testcase classname="com.obs.tests.TestLeafTest" name="verifyAlertDismiss">
    <skipped/>
  </testcase> <!-- verifyAlertDismiss -->
  <system-out/>
  <testcase classname="com.obs.tests.TestLeafTest" name="verifyAlertDismiss">
    <skipped/>
  </testcase> <!-- verifyAlertDismiss -->
  <system-out/>
  <testcase classname="com.obs.tests.TestLeafTest" name="closeTheWindow">
    <skipped/>
  </testcase> <!-- closeTheWindow -->
  <system-out/>
  <testcase classname="com.obs.tests.TestLeafTest" name="closeTheWindow">
    <skipped/>
  </testcase> <!-- closeTheWindow -->
  <system-out/>
  <testcase classname="com.obs.tests.TestLeafTest" name="printWindowCount">
    <skipped/>
  </testcase> <!-- printWindowCount -->
  <system-out/>
  <testcase classname="com.obs.tests.TestLeafTest" name="printAlertBoxContent">
    <skipped/>
  </testcase> <!-- printAlertBoxContent -->
  <system-out/>
  <testcase classname="com.obs.tests.TestLeafTest" name="printWindowCount">
    <skipped/>
  </testcase> <!-- printWindowCount -->
  <system-out/>
  <testcase classname="com.obs.tests.TestLeafTest" name="printAlertBoxContent">
    <skipped/>
  </testcase> <!-- printAlertBoxContent -->
  <system-out/>
  <testcase classname="com.obs.tests.TestLeafTest" name="printRowCount">
    <skipped/>
  </testcase> <!-- printRowCount -->
  <system-out/>
  <testcase classname="com.obs.tests.TestLeafTest" name="printRowCount">
    <skipped/>
  </testcase> <!-- printRowCount -->
  <system-out/>
  <testcase classname="com.obs.tests.TestLeafTest" name="getTableCellText">
    <skipped/>
  </testcase> <!-- getTableCellText -->
  <system-out/>
  <testcase classname="com.obs.tests.TestLeafTest" name="getTableCellText">
    <skipped/>
  </testcase> <!-- getTableCellText -->
  <system-out/>
  <testcase classname="com.obs.tests.TestLeafTest" name="verifySelectByVisibleText">
    <skipped/>
  </testcase> <!-- verifySelectByVisibleText -->
  <system-out/>
  <testcase classname="com.obs.tests.TestLeafTest" name="verifySelectByVisibleText">
    <skipped/>
  </testcase> <!-- verifySelectByVisibleText -->
  <system-out/>
  <testcase classname="com.obs.tests.TestLeafTest" name="verifyDragAndDrop">
    <skipped/>
  </testcase> <!-- verifyDragAndDrop -->
  <system-out/>
  <testcase classname="com.obs.tests.TestLeafTest" name="verifyDragAndDrop">
    <skipped/>
  </testcase> <!-- verifyDragAndDrop -->
  <system-out/>
  <testcase classname="com.obs.tests.TestLeafTest" name="verifyNavigateBackward">
    <skipped/>
  </testcase> <!-- verifyNavigateBackward -->
  <system-out/>
  <testcase classname="com.obs.tests.TestLeafTest" name="verifyAlertAccept">
    <skipped/>
  </testcase> <!-- verifyAlertAccept -->
  <system-out/>
  <testcase classname="com.obs.tests.TestLeafTest" name="verifyNavigateBackward">
    <skipped/>
  </testcase> <!-- verifyNavigateBackward -->
  <system-out/>
  <testcase classname="com.obs.tests.TestLeafTest" name="verifyAlertAccept">
    <skipped/>
  </testcase> <!-- verifyAlertAccept -->
  <system-out/>
  <testcase classname="com.obs.tests.TestLeafTest" name="verifyWindowSwitching">
    <skipped/>
  </testcase> <!-- verifyWindowSwitching -->
  <system-out/>
  <testcase classname="com.obs.tests.TestLeafTest" name="verifyWindowSwitching">
    <skipped/>
  </testcase> <!-- verifyWindowSwitching -->
  <system-out/>
  <testcase classname="com.obs.tests.TestLeafTest" name="printFrameCount">
    <skipped/>
  </testcase> <!-- printFrameCount -->
  <system-out/>
  <testcase classname="com.obs.tests.TestLeafTest" name="printFrameCount">
    <skipped/>
  </testcase> <!-- printFrameCount -->
  <system-out/>
  <testcase classname="com.obs.tests.TestLeafTest" name="verifyNavigateForward">
    <skipped/>
  </testcase> <!-- verifyNavigateForward -->
  <system-out/>
  <testcase classname="com.obs.tests.TestLeafTest" name="verifyNavigateForward">
    <skipped/>
  </testcase> <!-- verifyNavigateForward -->
  <system-out/>
  <testcase classname="com.obs.tests.TestLeafTest" name="printSiteURL">
    <skipped/>
  </testcase> <!-- printSiteURL -->
  <system-out/>
  <testcase classname="com.obs.tests.TestLeafTest" name="printSiteURL">
    <skipped/>
  </testcase> <!-- printSiteURL -->
  <system-out/>
</testsuite> <!-- com.obs.tests.TestLeafTest -->
