<?xml version="1.0" encoding="UTF-8"?>
<!-- Generated by org.testng.reporters.JUnitReportReporter -->
<testsuite hostname="Babu" failures="0" tests="3" name="com.obs.tests.WebActionHelperTest" time="5.623" errors="0" timestamp="2022-06-13T08:24:01 IST" skipped="2">
  <testcase classname="com.obs.tests.WebActionHelperTest" name="alertActions" time="5.623"/>
  <system-out/>
  <testcase classname="com.obs.tests.WebActionHelperTest" name="getMethods">
    <skipped/>
  </testcase> <!-- getMethods -->
  <system-out/>
  <testcase classname="com.obs.tests.WebActionHelperTest" name="navigateMethods">
    <skipped/>
  </testcase> <!-- navigateMethods -->
  <system-out/>
</testsuite> <!-- com.obs.tests.WebActionHelperTest -->
