<?xml version="1.0" encoding="UTF-8"?>
<!-- Generated by org.testng.reporters.JUnitReportReporter -->
<testsuite hostname="Babu" failures="0" tests="5" name="com.obs.tests.LoginTest" time="6.986" errors="0" timestamp="2022-06-16T12:15:25 IST" skipped="0">
  <testcase classname="com.obs.tests.LoginTest" name="verifyValidLogin" time="1.586"/>
  <system-out/>
  <testcase classname="com.obs.tests.LoginTest" name="verifyInValidLogin" time="1.343"/>
  <system-out/>
  <testcase classname="com.obs.tests.LoginTest" name="verifyEmptyLogin" time="2.489"/>
  <system-out/>
  <testcase classname="com.obs.tests.LoginTest" name="verifyLoginWithInvalidPassword" time="1.088"/>
  <system-out/>
  <testcase classname="com.obs.tests.LoginTest" name="verifyLoginWithInvalidUname" time="0.480"/>
  <system-out/>
</testsuite> <!-- com.obs.tests.LoginTest -->
