<?xml version="1.0" encoding="UTF-8"?>
<!-- Generated by org.testng.reporters.JUnitReportReporter -->
<testsuite hostname="Babu" failures="0" tests="1" name="com.obs.tests.InventoryTest" time="1.076" errors="0" timestamp="2022-06-13T11:36:49 IST" skipped="0">
  <testcase classname="com.obs.tests.InventoryTest" name="inventoryPageTest" time="1.076"/>
  <system-out/>
</testsuite> <!-- com.obs.tests.InventoryTest -->
